adfox.ru
adfox.yandex.ru
adfstat.yandex.ru
admetrica.ru
ads.yandex
ads.yandex.com
ads.yandex.ru
ads.yango.com
adsdk.yandex.ru
adv.yandex.com
adv.yandex.ru
amc.yandex.ru
an.yandex.ru
analytics.mobile.yandex.net
appmetrica.yandex.com
appmetrica.yandex.net
appmetrica.yandex.ru
appmetrica.yango.com
auto.ru
auto.yandex
berizaryad.ru
beru.ru
bringly.ru
bs.yandex.ru
cabconnect.org
clck.ru
clck.yandex.com
clck.yandex.net
clck.yandex.ru
clck.yango.com
clstorage.net
com.am
com.ge
counter.yandex.ru
driveawaytaxi.org
dzen.ru
dzeninfra.ru
eda.yandex
edadeal.ru
elama.ru
gogettaxi.org
goup.ai
hayya.ae
informer.yandex.ru
kinopoisk-ru.clstorage.net
kinopoisk.ru
log.strm.yandex.ru
mc.yandex.com
mc.yandex.net
mc.yandex.ru
mc.yango.com
meteum.ai
metrika.yandex
metrika.yandex.com
metrika.yandex.net
metrika.yandex.ru
my-manager-account.com
naydex.net
pixel.yandex.com
podberi.ru
punto-switcher.ru
punto.ru
report.ap.yandex-net.ru
rostaxi.org
ruscorpora.ru
shedevrum.ai
sourcecraft.dev
static-storage.net
support-uber.com
taxiaid.org
taxiguru.org
taxitax.org
turbopages.org
video-yandex.ru
videoyandex.ru
webvisor.com
webvisor.org
xn--d1acpjx3f.xn--p1ai
ya.cc
ya.ru
yabs.yandex.ru
yads.tech
yandex-bank.net
yandex-metrica.ru
yandex-team.ru
yandex-video.ru
yandex.aero
yandex.asia
yandex.az
yandex.by
yandex.cloud
yandex.co.il
yandex.com
yandex.com.am
yandex.com.ge
yandex.com.ru
yandex.com.tr
yandex.com.ua
yandex.de
yandex.dk
yandex.do
yandex.ee
yandex.es
yandex.eu
yandex.fi
yandex.fr
yandex.ie
yandex.in
yandex.it
yandex.jobs
yandex.kg
yandex.kz
yandex.lt
yandex.lu
yandex.lv
yandex.md
yandex.mobi
yandex.mx
yandex.net
yandex.net.ru
yandex.no
yandex.nu
yandex.org
yandex.pl
yandex.pt
yandex.qa
yandex.ro
yandex.rs
yandex.ru
yandex.ru 
yandex.sk
yandex.so
yandex.st
yandex.sx
yandex.tj
yandex.tm
yandex.tr
yandex.ua
yandex.uz
yandexadexchange.net
yandexcloud.kz
yandexcloud.net
yandexcom.net
yandexgo.com
yandexlyceum.ru
yandexmetrica.com
yandexsport.ru
yandexwebcache.net
yandexwebcache.org
yango-ads.com
yango-b2b.com
yango-team.com
yango-tech.com
yango.africa
yango.ao
yango.bh
yango.co.il
yango.com
yango.fi
yango.qa
yango.taxi
yango.tech
yangofellowship.com
yastat.net
yastatic-net.ru
yastatic.net
yccdn.ru
ymetrica1.com
ymvccb7b8b.ru
zen.me
zenadservices.net
avto.ru
yantp.net
