ozon.app
ozon.com
ozon.dev
ozon.global
ozon.kz
ozon.market
ozon.ru
ozon.travel
ozone.ru
wildberries.ru
ad.ozone.ru
adv.ozon.ru
agency-adv.ozon.ru
analytics-adv.ozon.ru
beginners-adv.ozon.ru
google-analytics-suite.ozon.ru
loyalnost-adv.ozon.ru
new-adv.ozon.ru
prodvizhenie-adv.ozon.ru
questions-adv.ozon.ru
sentry.ozon.ru
xapi.ozon.com
xapi.ozon.ru
xapi.ozonru.me
ozonstatus.ru
ozoncard.ru
o3team.ru
o-courier.ru
ocourier.ru
ozon-dostavka.ru
ozoncamp.pro
ozon.tech
o3.ru
xn--e1adjldbbpv.xn--90ais
ozon.express
ozon-tech.ru
ozon-credit.ru
o3t.ru
ozoncorporate.ru
xn--80aafgovrgbc7am.xn--p1ai
ozonglobalevents.com
ozonpartners.ru
xn----8sbahiqzthbd0bn.xn--p1ai
ozonru.com
ozonru.eu
ozonru.me
ozonsport.ru
ozonusercontent.com
ewisdom.us.kg
ozon.by
ozon.com.by
ozon.com.kz
ozon.li
ozon.tm
ozoncom.by
ozonpartners.by
ozonrocet.by
ozonroket.by
ozonru.co.il
rocketozon.by
xapi.ozon.by
xapi.ozon.com.by
xapi.ozon.com.kz
xapi.ozon.kz
