aliexpress.ru
cian.ru
dzen.ru
dzeninfra.ru
log.dzen.ru
ms.dzen.ru
yandex.com
yandex.net
yandex.ru
gb.ru
mail.ru
vk.com
apptracer.ru
max.ru
mycdn.me
okcdn.ru
oneme.ru
vk-analytics.ru
vkuser.net
apiok.ru
insideok.ru
odkl.ru
odnoklasniki.by
odnoklasniki.ua
odnoklassniki.am
odnoklassniki.by
odnoklassniki.co.ee
odnoklassniki.eu
odnoklassniki.lv
odnoklassniki.ru
odnoklassniki.tj
ok.me
ok.ru
okl.lt
oktech.ru
st-ok-pts.cdn-vk.ru
st-ok.cdn-vk.ru
rustore.ru
sferum.ru
skillbox.ru
skillfactory.ru
tamtam.chat
tetrika-school.ru
uchi.ru
adblogger.vk.com
adblogger.vk.ru
ads.vk.com
ads.vk.ru
adv.vk.com
adv.vk.ru
advk.vk.ru
analytics.vk.com
analytics.vk.ru
cdn-vk.net
cdn-vk.ru
mradx.net
ms.vk.com
ms.vk.ru
mvk.com
stats.vk-portal.net
target.vk.com
target.vk.ru
userapi.com
userapi.ru
vk-apps.com
vk-apps.ru
vk-cdn.me
vk-cdn.net
vk-portal.net
vk.cc
vk.company
vk.design
vk.link
vk.me
vk.ru
vk.team
vkcache.com
vkcdnservice.com
vkclips.app
vkcloud-static.ru
vkgo.app
vklive.app
vkmessenger.app
vkmessenger.com
vkontakte.com
vkontakte.ru
vkpay.app
vkpay.com
vkpay.io
vkpay.ru
vktech-static.ru
vkuseraudio.com
vkuseraudio.net
vkuseraudio.ru
vkusercdn.ru
vkuserlive.com
vkuserlive.net
vkuserphoto.ru
vkuservideo.com
vkuservideo.net
vkuservideo.ru
vkvideo.ru
vkplay.ru
youla.ru
