kino.pub
kinopub.online
kpdl.cc
qis.pub
kpstv.net
appdt.ru
api.kino.pub
auth.kino.pub
static.kino.pub
img.kino.pub
kinopub.link
kpapp.link
mos-gorsud.site
mos-gorsud.co
cdn2site.com
cdn32.online
cdntogo.net
pushbr.com
zencdn.net
cdn32.lol
cdnservices.link
firebaseremoteconfig.googleapis.com
firebaseremoteconfigrealtime.googleapis.com
kp-pro.cloud
firebaseinstallations.googleapis.com
firebase-settings.crashlytics.com
cdn4t.store
zerkalo.xyz
m.pushbr.com
api2.support-kp.com
api.alador.space
cdn-service.space
