ggpht.cn
ggpht.com
google.com
googleapis.com
googleusercontent.com
googlevideo.com
gstatic.com
gvt1.com
returnyoutubedislikeapi.com
withyoutube.com
youtu.be
youtube-nocookie.com
youtube.be
youtube.cat
youtube.co
youtube.co.jp
youtube.com
youtube.com.co
youtube.com.tw
youtube.jp
youtube.me
youtube.nl
youtube.ru
youtube.se
youtube.soy
youtube.tv
youtubeeducation.com
youtubefanfest.com
youtubegaming.com
youtubego.com
youtubekids.com
youtubemobilesupport.com
yt.be
ytimg.com
yt3.googleusercontent.com
youtube.googleapis.com
youtubeembeddedplayer.googleapis.com
youtubei.googleapis.com
youtube-ui.l.google.com
wide-youtube.l.google.com
ads.youtube.com
